<?xml version="1.0" encoding="UTF-8"?>
<!-- Generated by org.testng.reporters.JUnitReportReporter -->
<testsuite hostname="Divakars-MacBook-Pro.local" failures="0" tests="2" name="ApachePOI.DataDrivenTestjun6" time="6.418" errors="0" timestamp="2022-06-06T12:30:02 PDT" skipped="0">
  <testcase classname="ApachePOI.DataDrivenTestjun6" name="loginTest" time="4.866"/>
  <system-out/>
  <testcase classname="ApachePOI.DataDrivenTestjun6" name="loginTest" time="1.552"/>
  <system-out/>
</testsuite> <!-- ApachePOI.DataDrivenTestjun6 -->
