<?xml version="1.0" encoding="UTF-8"?>
<!-- Generated by org.testng.reporters.JUnitReportReporter -->
<testsuite hostname="Divakars-MacBook-Pro.local" failures="0" tests="1" name="Log4JBrowser.Log4JXML" time="10.273" errors="0" timestamp="2022-06-03T10:54:17 PDT" skipped="0">
  <testcase classname="Log4JBrowser.Log4JXML" name="testLogs" time="10.273"/>
  <system-out/>
</testsuite> <!-- Log4JBrowser.Log4JXML -->
