<?xml version="1.0" encoding="UTF-8"?>
<!-- Generated by org.testng.reporters.JUnitReportReporter -->
<testsuite hostname="Divakars-MacBook-Pro.local" failures="0" tests="4" name="ApachePOI.DataDrivenTest" time="0.047" errors="0" timestamp="2022-06-06T06:22:10 PDT" skipped="0">
  <testcase classname="ApachePOI.DataDrivenTest" name="loginTest" time="0.019"/>
  <system-out/>
  <testcase classname="ApachePOI.DataDrivenTest" name="loginTest" time="0.017"/>
  <system-out/>
  <testcase classname="ApachePOI.DataDrivenTest" name="loginTest" time="0.009"/>
  <system-out/>
  <testcase classname="ApachePOI.DataDrivenTest" name="loginTest" time="0.002"/>
  <system-out/>
</testsuite> <!-- ApachePOI.DataDrivenTest -->
