<?xml version="1.0" encoding="UTF-8"?>
<!-- Generated by org.testng.reporters.JUnitReportReporter -->
<testsuite hostname="Divakars-MacBook-Pro.local" failures="0" tests="1" name="com.inetBanking.testCases.TC_LoginDDTest2" time="4.222" errors="0" timestamp="2022-06-06T12:37:33 PDT" skipped="0">
  <testcase classname="com.inetBanking.testCases.TC_LoginDDTest2" name="loginDDT" time="4.222"/>
  <system-out/>
</testsuite> <!-- com.inetBanking.testCases.TC_LoginDDTest2 -->
